<?xml version="1.0" encoding="UTF-8"?>
<!-- Generated by org.testng.reporters.JUnitReportReporter -->
<testsuite skipped="0" hostname="DESKTOP-JU7N3LD" name="com.inetbanking.testCases.EditCustomer" tests="1" failures="0" timestamp="23 Nov 2020 14:55:46 GMT" time="12.528" errors="0">
  <testcase name="editCust" time="12.528" classname="com.inetbanking.testCases.EditCustomer"/>
</testsuite> <!-- com.inetbanking.testCases.EditCustomer -->
