<?xml version="1.0" encoding="UTF-8"?>
<!-- Generated by org.testng.reporters.JUnitReportReporter -->
<testsuite skipped="0" hostname="DESKTOP-JU7N3LD" name="com.inetbanking.testCases.TC_AddCustomerTest_003" tests="1" failures="0" timestamp="23 Nov 2020 14:37:53 GMT" time="18.780" errors="0">
  <testcase name="addNewCustomer" time="18.780" classname="com.inetbanking.testCases.TC_AddCustomerTest_003"/>
</testsuite> <!-- com.inetbanking.testCases.TC_AddCustomerTest_003 -->
