<?xml version="1.0" encoding="UTF-8"?>
<!-- Generated by org.testng.reporters.JUnitReportReporter -->
<testsuite skipped="0" hostname="DESKTOP-JU7N3LD" name="com.inetbanking.testCases.TC_LoginTest_001" tests="1" failures="0" timestamp="23 Nov 2020 14:14:01 GMT" time="2.363" errors="0">
  <testcase name="loginTest" time="2.363" classname="com.inetbanking.testCases.TC_LoginTest_001"/>
</testsuite> <!-- com.inetbanking.testCases.TC_LoginTest_001 -->
